<?xml version="1.0" encoding="UTF-8"?>
<!-- Generated by org.testng.reporters.JUnitReportReporter -->
<testsuite skipped="0" hostname="DESKTOP-FHFJRLK" name="sample.Demo1" tests="2" failures="0" timestamp="18 Apr 2022 18:47:23 GMT" time="0.015" errors="0">
  <testcase name="fact" time="0.015" classname="sample.Demo1"/>
  <testcase name="fib" time="0.000" classname="sample.Demo1"/>
</testsuite> <!-- sample.Demo1 -->
