<?xml version="1.0" encoding="UTF-8"?>
<!-- Generated by org.testng.reporters.JUnitReportReporter -->
<testsuite skipped="0" hostname="DESKTOP-FHFJRLK" name="sample.Demo2" tests="3" failures="0" timestamp="18 Apr 2022 18:06:39 GMT" time="0.016" errors="0">
  <testcase name="test" time="0.000" classname="sample.Demo2"/>
  <testcase name="test1" time="0.016" classname="sample.Demo2"/>
  <testcase name="test" time="0.000" classname="sample.Demo2"/>
</testsuite> <!-- sample.Demo2 -->
