<?xml version="1.0" encoding="UTF-8"?>
<!-- Generated by org.testng.reporters.JUnitReportReporter -->
<testsuite skipped="0" hostname="DESKTOP-FHFJRLK" name="sample.Demp1" tests="2" failures="0" timestamp="18 Apr 2022 18:06:39 GMT" time="0.000" errors="0">
  <testcase name="test2" time="0.000" classname="sample.Demp1"/>
  <testcase name="test1" time="0.000" classname="sample.Demp1"/>
</testsuite> <!-- sample.Demp1 -->
